<?xml version="1.0" encoding="UTF-8"?>
<!-- Generated by org.testng.reporters.JUnitReportReporter -->
<testsuite hostname="Prabuddhika-PC" failures="0" tests="3" name="com.automationdemo.testcases.LogonPageTest" time="28.058" errors="0" timestamp="12 Jul 2023 17:22:35 GMT" skipped="0">
  <testcase classname="com.automationdemo.testcases.LogonPageTest" name="loginPageLogoTest" time="8.533"/>
  <testcase classname="com.automationdemo.testcases.LogonPageTest" name="LoginTest" time="10.732"/>
  <testcase classname="com.automationdemo.testcases.LogonPageTest" name="LoginTest" time="8.793"/>
</testsuite> <!-- com.automationdemo.testcases.LogonPageTest -->
