<?xml version="1.0" encoding="UTF-8"?>
<!-- Generated by org.testng.reporters.JUnitReportReporter -->
<testsuite hostname="Prabuddhika-PC" failures="0" tests="2" name="com.automationdemo.testcases.HomePageTest" time="37.030" errors="0" timestamp="12 Jul 2023 17:22:35 GMT" skipped="0">
  <testcase classname="com.automationdemo.testcases.HomePageTest" name="homePageLogoTest" time="16.320"/>
  <testcase classname="com.automationdemo.testcases.HomePageTest" name="homePageTaskLinkTest" time="20.710"/>
</testsuite> <!-- com.automationdemo.testcases.HomePageTest -->
