<?xml version="1.0" encoding="UTF-8"?>
<!-- Generated by org.testng.reporters.JUnitReportReporter -->
<testsuite hostname="Prabuddhika-PC" failures="0" tests="2" name="com.example.automationdemo.testcases.HomePageTest" time="32.057" errors="0" timestamp="12 Jul 2023 17:35:24 GMT" skipped="0">
  <testcase classname="com.example.automationdemo.testcases.HomePageTest" name="homePageLogoTest" time="13.589"/>
  <testcase classname="com.example.automationdemo.testcases.HomePageTest" name="homePageTaskLinkTest" time="18.468"/>
</testsuite> <!-- com.example.automationdemo.testcases.HomePageTest -->
